This is pdfTeX, Version 3.14159265-2.6-1.40.16 (TeX Live 2015/Debian) (preloaded format=pdflatex 2016.10.11)  26 OCT 2016 11:18
entering extended mode
 restricted \write18 enabled.
 file:line:error style messages enabled.
 %&-line parsing enabled.
**flowchart.trg.tex
(./flowchart.trg.tex
LaTeX2e <2016/02/01>
Babel <3.9q> and hyphenation patterns for 12 language(s) loaded.
(/usr/share/texlive/texmf-dist/tex/latex/subfiles/subfiles.cls
Document Class: subfiles 2012/05/23 Federico Garcia
(/usr/share/texlive/texmf-dist/tex/latex/tools/verbatim.sty
Package: verbatim 2014/10/28 v1.5q LaTeX2e package for verbatim enhancements
\every@verbatim=\toks14
\verbatim@line=\toks15
\verbatim@in@stream=\read1
)
Preamble taken from file `main.tex'
Preamble taken from file `tikz'
(/usr/share/texlive/texmf-dist/tex/plain/pgf/frontendlayer/tikz.tex (/usr/share/texlive/texmf-dist/tex/plain/pgf/basiclayer/pgf.tex (/usr/share/texlive/texmf-dist/tex/plain/pgf/utilities/pgfrcs.tex (/usr/share/texlive/texmf-dist/tex/generic/pgf/utilities/pgfutil-common.tex
\pgfutil@everybye=\toks16
\pgfutil@tempdima=\dimen102
\pgfutil@tempdimb=\dimen103
 (/usr/share/texlive/texmf-dist/tex/generic/pgf/utilities/pgfutil-common-lists.tex)) (/usr/share/texlive/texmf-dist/tex/generic/pgf/utilities/pgfutil-plain.def
\pgfutil@tempcnta=\count79
\pgfutil@tempcntb=\count80
\pgfutil@tempboxa=\box26
\pgfutil@flushglue=\skip41
\pgfutil@abb=\box27
 (/usr/share/texlive/texmf-dist/tex/generic/oberdiek/atbegshi.sty

LaTeX Warning: You have requested document class `subfiles',
               but the document class provides `atbegshi'.

Document Class: atbegshi 2011/10/05 v1.16 At begin shipout hook (HO)
(/usr/share/texlive/texmf-dist/tex/generic/oberdiek/infwarerr.sty
Package: infwarerr 2010/04/08 v1.3 Providing info/warning/error messages (HO)
) (/usr/share/texlive/texmf-dist/tex/generic/oberdiek/ltxcmds.sty
Package: ltxcmds 2011/11/09 v1.22 LaTeX kernel commands for general use (HO)
) (/usr/share/texlive/texmf-dist/tex/generic/oberdiek/ifpdf.sty
Package: ifpdf 2011/01/30 v2.3 Provides the ifpdf switch (HO)
Package ifpdf Info: pdfTeX in PDF mode is detected.
))) (/usr/share/texlive/texmf-dist/tex/generic/pgf/utilities/pgfrcs.code.tex

LaTeX Warning: You have requested document class `subfiles',
               but the document class provides `pgfrcs'.

Document Class: pgfrcs 2015/08/07 v3.0.1a (rcs-revision 1.31)
))

LaTeX Warning: You have requested document class `subfiles',
               but the document class provides `pgf'.

Document Class: pgf 2008/01/15  (rcs-revision 1.10)
(/usr/share/texlive/texmf-dist/tex/plain/pgf/basiclayer/pgfcore.tex (/usr/share/texlive/texmf-dist/tex/plain/pgf/systemlayer/pgfsys.tex (/usr/share/texlive/texmf-dist/tex/plain/pgf/utilities/pgfrcs.tex) (/usr/share/texlive/texmf-dist/tex/generic/pgf/systemlayer/pgfsys.code.tex

LaTeX Warning: You have requested document class `subfiles',
               but the document class provides `pgfsys'.

Document Class: pgfsys 2014/07/09 v3.0.1a (rcs-revision 1.48)
(/usr/share/texlive/texmf-dist/tex/generic/pgf/utilities/pgfkeys.code.tex
\pgfkeys@pathtoks=\toks17
\pgfkeys@temptoks=\toks18
 (/usr/share/texlive/texmf-dist/tex/generic/pgf/utilities/pgfkeysfiltered.code.tex
\pgfkeys@tmptoks=\toks19
))
\pgf@x=\dimen104
\pgf@y=\dimen105
\pgf@xa=\dimen106
\pgf@ya=\dimen107
\pgf@xb=\dimen108
\pgf@yb=\dimen109
\pgf@xc=\dimen110
\pgf@yc=\dimen111
\w@pgf@writea=\write3
\r@pgf@reada=\read2
\c@pgf@counta=\count81
\c@pgf@countb=\count82
\c@pgf@countc=\count83
\c@pgf@countd=\count84
\t@pgf@toka=\toks20
\t@pgf@tokb=\toks21
\t@pgf@tokc=\toks22
 (/usr/share/texlive/texmf-dist/tex/generic/pgf/systemlayer/pgf.cfg
File: pgf.cfg 2008/05/14  (rcs-revision 1.7)
)
Driver file for pgf: pgfsys-pdftex.def
 (/usr/share/texlive/texmf-dist/tex/generic/pgf/systemlayer/pgfsys-pdftex.def
File: pgfsys-pdftex.def 2014/10/11  (rcs-revision 1.35)
 (/usr/share/texlive/texmf-dist/tex/generic/pgf/systemlayer/pgfsys-common-pdf.def
File: pgfsys-common-pdf.def 2013/10/10  (rcs-revision 1.13)
))
\pgfutil@auxout=\write4
) (/usr/share/texlive/texmf-dist/tex/generic/pgf/systemlayer/pgfsyssoftpath.code.tex
File: pgfsyssoftpath.code.tex 2013/09/09  (rcs-revision 1.9)
\pgfsyssoftpath@smallbuffer@items=\count85
\pgfsyssoftpath@bigbuffer@items=\count86
) (/usr/share/texlive/texmf-dist/tex/generic/pgf/systemlayer/pgfsysprotocol.code.tex
File: pgfsysprotocol.code.tex 2006/10/16  (rcs-revision 1.4)
)) (/usr/share/texlive/texmf-dist/tex/generic/pgf/basiclayer/pgfcore.code.tex

LaTeX Warning: You have requested document class `subfiles',
               but the document class provides `pgfcore'.

Document Class: pgfcore 2010/04/11 v3.0.1a (rcs-revision 1.7)
(/usr/share/texlive/texmf-dist/tex/generic/pgf/math/pgfmath.code.tex (/usr/share/texlive/texmf-dist/tex/generic/pgf/math/pgfmathcalc.code.tex (/usr/share/texlive/texmf-dist/tex/generic/pgf/math/pgfmathutil.code.tex) (/usr/share/texlive/texmf-dist/tex/generic/pgf/math/pgfmathparser.code.tex
\pgfmath@dimen=\dimen112
\pgfmath@count=\count87
\pgfmath@box=\box28
\pgfmath@toks=\toks23
\pgfmath@stack@operand=\toks24
\pgfmath@stack@operation=\toks25
) (/usr/share/texlive/texmf-dist/tex/generic/pgf/math/pgfmathfunctions.code.tex (/usr/share/texlive/texmf-dist/tex/generic/pgf/math/pgfmathfunctions.basic.code.tex) (/usr/share/texlive/texmf-dist/tex/generic/pgf/math/pgfmathfunctions.trigonometric.code.tex) (/usr/share/texlive/texmf-dist/tex/generic/pgf/math/pgfmathfunctions.random.code.tex) (/usr/share/texlive/texmf-dist/tex/generic/pgf/math/pgfmathfunctions.comparison.code.tex) (/usr/share/texlive/texmf-dist/tex/generic/pgf/math/pgfmathfunctions.base.code.tex) (/usr/share/texlive/texmf-dist/tex/generic/pgf/math/pgfmathfunctions.round.code.tex) (/usr/share/texlive/texmf-dist/tex/generic/pgf/math/pgfmathfunctions.misc.code.tex)
(/usr/share/texlive/texmf-dist/tex/generic/pgf/math/pgfmathfunctions.integerarithmetics.code.tex))) (/usr/share/texlive/texmf-dist/tex/generic/pgf/math/pgfmathfloat.code.tex
\c@pgfmathroundto@lastzeros=\count88
)) (/usr/share/texlive/texmf-dist/tex/generic/pgf/basiclayer/pgfcorepoints.code.tex
File: pgfcorepoints.code.tex 2013/10/07  (rcs-revision 1.27)
\pgf@picminx=\dimen113
\pgf@picmaxx=\dimen114
\pgf@picminy=\dimen115
\pgf@picmaxy=\dimen116
\pgf@pathminx=\dimen117
\pgf@pathmaxx=\dimen118
\pgf@pathminy=\dimen119
\pgf@pathmaxy=\dimen120
\pgf@xx=\dimen121
\pgf@xy=\dimen122
\pgf@yx=\dimen123
\pgf@yy=\dimen124
\pgf@zx=\dimen125
\pgf@zy=\dimen126
) (/usr/share/texlive/texmf-dist/tex/generic/pgf/basiclayer/pgfcorepathconstruct.code.tex
File: pgfcorepathconstruct.code.tex 2013/10/07  (rcs-revision 1.29)
\pgf@path@lastx=\dimen127
\pgf@path@lasty=\dimen128
) (/usr/share/texlive/texmf-dist/tex/generic/pgf/basiclayer/pgfcorepathusage.code.tex
File: pgfcorepathusage.code.tex 2014/11/02  (rcs-revision 1.24)
\pgf@shorten@end@additional=\dimen129
\pgf@shorten@start@additional=\dimen130
) (/usr/share/texlive/texmf-dist/tex/generic/pgf/basiclayer/pgfcorescopes.code.tex
File: pgfcorescopes.code.tex 2015/05/08  (rcs-revision 1.46)
\pgfpic=\box29
\pgf@hbox=\box30
\pgf@layerbox@main=\box31
\pgf@picture@serial@count=\count89
) (/usr/share/texlive/texmf-dist/tex/generic/pgf/basiclayer/pgfcoregraphicstate.code.tex
File: pgfcoregraphicstate.code.tex 2014/11/02  (rcs-revision 1.12)
\pgflinewidth=\dimen131
) (/usr/share/texlive/texmf-dist/tex/generic/pgf/basiclayer/pgfcoretransformations.code.tex
File: pgfcoretransformations.code.tex 2015/08/07  (rcs-revision 1.20)
\pgf@pt@x=\dimen132
\pgf@pt@y=\dimen133
\pgf@pt@temp=\dimen134
) (/usr/share/texlive/texmf-dist/tex/generic/pgf/basiclayer/pgfcorequick.code.tex
File: pgfcorequick.code.tex 2008/10/09  (rcs-revision 1.3)
) (/usr/share/texlive/texmf-dist/tex/generic/pgf/basiclayer/pgfcoreobjects.code.tex
File: pgfcoreobjects.code.tex 2006/10/11  (rcs-revision 1.2)
) (/usr/share/texlive/texmf-dist/tex/generic/pgf/basiclayer/pgfcorepathprocessing.code.tex
File: pgfcorepathprocessing.code.tex 2013/09/09  (rcs-revision 1.9)
)
(/usr/share/texlive/texmf-dist/tex/generic/pgf/basiclayer/pgfcorearrows.code.tex
File: pgfcorearrows.code.tex 2015/05/14  (rcs-revision 1.43)
\pgfarrowsep=\dimen135
) (/usr/share/texlive/texmf-dist/tex/generic/pgf/basiclayer/pgfcoreshade.code.tex
File: pgfcoreshade.code.tex 2013/07/15  (rcs-revision 1.15)
\pgf@max=\dimen136
\pgf@sys@shading@range@num=\count90
) (/usr/share/texlive/texmf-dist/tex/generic/pgf/basiclayer/pgfcoreimage.code.tex
File: pgfcoreimage.code.tex 2013/07/15  (rcs-revision 1.18)
 (/usr/share/texlive/texmf-dist/tex/generic/pgf/basiclayer/pgfcoreexternal.code.tex
File: pgfcoreexternal.code.tex 2014/07/09  (rcs-revision 1.21)
\pgfexternal@startupbox=\box32
)) (/usr/share/texlive/texmf-dist/tex/generic/pgf/basiclayer/pgfcorelayers.code.tex
File: pgfcorelayers.code.tex 2013/07/18  (rcs-revision 1.7)
) (/usr/share/texlive/texmf-dist/tex/generic/pgf/basiclayer/pgfcoretransparency.code.tex
File: pgfcoretransparency.code.tex 2013/09/30  (rcs-revision 1.5)
) (/usr/share/texlive/texmf-dist/tex/generic/pgf/basiclayer/pgfcorepatterns.code.tex
File: pgfcorepatterns.code.tex 2013/11/07  (rcs-revision 1.5)
))) (/usr/share/texlive/texmf-dist/tex/generic/pgf/modules/pgfmoduleshapes.code.tex
File: pgfmoduleshapes.code.tex 2014/03/21  (rcs-revision 1.35)
\pgfnodeparttextbox=\box33
) (/usr/share/texlive/texmf-dist/tex/generic/pgf/modules/pgfmoduleplot.code.tex
File: pgfmoduleplot.code.tex 2015/08/03  (rcs-revision 1.13)
)) (/usr/share/texlive/texmf-dist/tex/plain/pgf/utilities/pgffor.tex (/usr/share/texlive/texmf-dist/tex/plain/pgf/utilities/pgfrcs.tex) (/usr/share/texlive/texmf-dist/tex/generic/pgf/utilities/pgfkeys.code.tex)
(/usr/share/texlive/texmf-dist/tex/generic/pgf/utilities/pgffor.code.tex

LaTeX Warning: You have requested document class `subfiles',
               but the document class provides `pgffor'.

Document Class: pgffor 2013/12/13 v3.0.1a (rcs-revision 1.25)
(/usr/share/texlive/texmf-dist/tex/generic/pgf/math/pgfmath.code.tex)
\pgffor@iter=\dimen137
\pgffor@skip=\dimen138
\pgffor@stack=\toks26
\pgffor@toks=\toks27
)) (/usr/share/texlive/texmf-dist/tex/generic/pgf/frontendlayer/tikz/tikz.code.tex

LaTeX Warning: You have requested document class `subfiles',
               but the document class provides `tikz'.

Document Class: tikz 2015/08/07 v3.0.1a (rcs-revision 1.151)
(/usr/share/texlive/texmf-dist/tex/generic/pgf/libraries/pgflibraryplothandlers.code.tex
File: pgflibraryplothandlers.code.tex 2013/08/31 v3.0.1a (rcs-revision 1.20)
\pgf@plot@mark@count=\count91
\pgfplotmarksize=\dimen139
)
\tikz@lastx=\dimen140
\tikz@lasty=\dimen141
\tikz@lastxsaved=\dimen142
\tikz@lastysaved=\dimen143
\tikzleveldistance=\dimen144
\tikzsiblingdistance=\dimen145
\tikz@figbox=\box34
\tikz@figbox@bg=\box35
\tikz@tempbox=\box36
\tikz@tempbox@bg=\box37
\tikztreelevel=\count92
\tikznumberofchildren=\count93
\tikznumberofcurrentchild=\count94
\tikz@fig@count=\count95
 (/usr/share/texlive/texmf-dist/tex/generic/pgf/modules/pgfmodulematrix.code.tex
File: pgfmodulematrix.code.tex 2013/09/17  (rcs-revision 1.8)
\pgfmatrixcurrentrow=\count96
\pgfmatrixcurrentcolumn=\count97
\pgf@matrix@numberofcolumns=\count98
)
\tikz@expandcount=\count99
 (/usr/share/texlive/texmf-dist/tex/generic/pgf/frontendlayer/tikz/libraries/tikzlibrarytopaths.code.tex
File: tikzlibrarytopaths.code.tex 2008/06/17 v3.0.1a (rcs-revision 1.2)
)))) (/home/goweiting/Documents/IVR/01a.CW1/report/tex/flowchart.trg.aux)
\openout1 = `flowchart.trg.aux'.

LaTeX Font Info:    Checking defaults for OML/cmm/m/it on input line 4.
LaTeX Font Info:    ... okay on input line 4.
LaTeX Font Info:    Checking defaults for T1/cmr/m/n on input line 4.
LaTeX Font Info:    ... okay on input line 4.
LaTeX Font Info:    Checking defaults for OT1/cmr/m/n on input line 4.
LaTeX Font Info:    ... okay on input line 4.
LaTeX Font Info:    Checking defaults for OMS/cmsy/m/n on input line 4.
LaTeX Font Info:    ... okay on input line 4.
LaTeX Font Info:    Checking defaults for OMX/cmex/m/n on input line 4.
LaTeX Font Info:    ... okay on input line 4.
LaTeX Font Info:    Checking defaults for U/cmr/m/n on input line 4.
LaTeX Font Info:    ... okay on input line 4.


./flowchart.trg.tex:4: LaTeX Error: The font size command \normalsize is not defined:
               there is probably something wrong with the class file.

See the LaTeX manual or LaTeX Companion for explanation.
Type  H <return>  for immediate help.
 ...                                              
                                                  
l.4 \begin{document}
                    
Your command was ignored.
Type  I <command> <return>  to replace it with another command,
or  <return>  to continue without it.

\AtBeginShipoutBox=\box38

./flowchart.trg.tex:5: Package pgfkeys Error: I do not know the key '/tikz/start chain', to which you passed 'going below', and I am going to ignore it. Perhaps you misspelled it.

See the pgfkeys package documentation for explanation.
Type  H <return>  for immediate help.
 ...                                              
                                                  
l.5 ...de distance=.8cm, start chain=going below,]
                                                  
This error message was generated by an \errmessage
command, so I can't give any explicit help.
Pretend that you're Hercule Poirot: Examine all clues,
and deduce the truth by order and method.


./flowchart.trg.tex:7: Package pgfkeys Error: I do not know the key '/tikz/punktchain' and I am going to ignore it. Perhaps you misspelled it.

See the pgfkeys package documentation for explanation.
Type  H <return>  for immediate help.
 ...                                              
                                                  
l.7   \node[punktchain, join]
                              (normalisation)
(That was another \errmessage.)


./flowchart.trg.tex:7: Package pgfkeys Error: The key '/tikz/join' requires a value. I am going to ignore this key.

See the pgfkeys package documentation for explanation.
Type  H <return>  for immediate help.
 ...                                              
                                                  
l.7   \node[punktchain, join]
                              (normalisation)
(That was another \errmessage.)

./flowchart.trg.tex:8: Undefined control sequence.
\pgfinterruptpicture ...g \fi \pgfutil@selectfont 
                                                  \pgfpicturefalse \let \pgf...
l.8       {
           Normalisation of all sample images};
The control sequence at the end of the top line
of your error message was never \def'ed. If you have
misspelled it (e.g., `\hobx'), type `I' and the correct
spelling (e.g., `I\hbox'). Otherwise just continue,
and I'll forget about whatever was undefined.

Missing character: There is no N in font nullfont!
Missing character: There is no o in font nullfont!
Missing character: There is no r in font nullfont!
Missing character: There is no m in font nullfont!
Missing character: There is no a in font nullfont!
Missing character: There is no l in font nullfont!
Missing character: There is no i in font nullfont!
Missing character: There is no s in font nullfont!
Missing character: There is no a in font nullfont!
Missing character: There is no t in font nullfont!
Missing character: There is no i in font nullfont!
Missing character: There is no o in font nullfont!
Missing character: There is no n in font nullfont!
Missing character: There is no o in font nullfont!
Missing character: There is no f in font nullfont!
Missing character: There is no a in font nullfont!
Missing character: There is no l in font nullfont!
Missing character: There is no l in font nullfont!
Missing character: There is no s in font nullfont!
Missing character: There is no a in font nullfont!
Missing character: There is no m in font nullfont!
Missing character: There is no p in font nullfont!
Missing character: There is no l in font nullfont!
Missing character: There is no e in font nullfont!
Missing character: There is no i in font nullfont!
Missing character: There is no m in font nullfont!
Missing character: There is no a in font nullfont!
Missing character: There is no g in font nullfont!
Missing character: There is no e in font nullfont!
Missing character: There is no s in font nullfont!

./flowchart.trg.tex:9: Package pgfkeys Error: I do not know the key '/tikz/punktchain' and I am going to ignore it. Perhaps you misspelled it.

See the pgfkeys package documentation for explanation.
Type  H <return>  for immediate help.
 ...                                              
                                                  
l.9 	\node[punktchain, join]
                             (bg_extract)
(That was another \errmessage.)


./flowchart.trg.tex:9: Package pgfkeys Error: The key '/tikz/join' requires a value. I am going to ignore this key.

See the pgfkeys package documentation for explanation.
Type  H <return>  for immediate help.
 ...                                              
                                                  
l.9 	\node[punktchain, join]
                             (bg_extract)
(That was another \errmessage.)

./flowchart.trg.tex:10: Undefined control sequence.
\pgfinterruptpicture ...g \fi \pgfutil@selectfont 
                                                  \pgfpicturefalse \let \pgf...
l.10       {
            Extract background \texttt{bg_model};};
The control sequence at the end of the top line
of your error message was never \def'ed. If you have
misspelled it (e.g., `\hobx'), type `I' and the correct
spelling (e.g., `I\hbox'). Otherwise just continue,
and I'll forget about whatever was undefined.

Missing character: There is no E in font nullfont!
Missing character: There is no x in font nullfont!
Missing character: There is no t in font nullfont!
Missing character: There is no r in font nullfont!
Missing character: There is no a in font nullfont!
Missing character: There is no c in font nullfont!
Missing character: There is no t in font nullfont!
Missing character: There is no b in font nullfont!
Missing character: There is no a in font nullfont!
Missing character: There is no c in font nullfont!
Missing character: There is no k in font nullfont!
Missing character: There is no g in font nullfont!
Missing character: There is no r in font nullfont!
Missing character: There is no o in font nullfont!
Missing character: There is no u in font nullfont!
Missing character: There is no n in font nullfont!
Missing character: There is no d in font nullfont!
./flowchart.trg.tex:10: Missing $ inserted.
<inserted text> 
                $
l.10       {Extract background \texttt{bg_model}
                                                ;};
I've inserted a begin-math/end-math symbol since I think
you left one out. Proceed, with fingers crossed.

LaTeX Font Info:    External font `cmex10' loaded for size
(Font)              <7> on input line 10.
LaTeX Font Info:    External font `cmex10' loaded for size
(Font)              <5> on input line 10.
./flowchart.trg.tex:10: Extra }, or forgotten $.
<recently read> \egroup 
                        
l.10       {Extract background \texttt{bg_model}
                                                ;};
I've deleted a group-closing symbol because it seems to be
spurious, as in `$x}$'. But perhaps the } is legitimate and
you forgot something else, as in `\hbox{$x}'. In such cases
the way to recover is to insert both the forgotten and the
deleted material, e.g., by typing `I$}'.

./flowchart.trg.tex:10: Extra }, or forgotten $.
l.10       {Extract background \texttt{bg_model};}
                                                  ;
I've deleted a group-closing symbol because it seems to be
spurious, as in `$x}$'. But perhaps the } is legitimate and
you forgot something else, as in `\hbox{$x}'. In such cases
the way to recover is to insert both the forgotten and the
deleted material, e.g., by typing `I$}'.

./flowchart.trg.tex:12: Undefined control sequence.
l.12   \node
            [punktchain, join] (bg_subtract)
The control sequence at the end of the top line
of your error message was never \def'ed. If you have
misspelled it (e.g., `\hobx'), type `I' and the correct
spelling (e.g., `I\hbox'). Otherwise just continue,
and I'll forget about whatever was undefined.

./flowchart.trg.tex:14: Undefined control sequence.
l.14 	\node
           [punktchain, join] (thresholding)
The control sequence at the end of the top line
of your error message was never \def'ed. If you have
misspelled it (e.g., `\hobx'), type `I' and the correct
spelling (e.g., `I\hbox'). Otherwise just continue,
and I'll forget about whatever was undefined.

./flowchart.trg.tex:16: Undefined control sequence.
l.16 	\node
           [punktchain, join] (segment)
The control sequence at the end of the top line
of your error message was never \def'ed. If you have
misspelled it (e.g., `\hobx'), type `I' and the correct
spelling (e.g., `I\hbox'). Otherwise just continue,
and I'll forget about whatever was undefined.

./flowchart.trg.tex:18: Undefined control sequence.
l.18 	\node
           [punktchain, join] (features)
The control sequence at the end of the top line
of your error message was never \def'ed. If you have
misspelled it (e.g., `\hobx'), type `I' and the correct
spelling (e.g., `I\hbox'). Otherwise just continue,
and I'll forget about whatever was undefined.

./flowchart.trg.tex:19: Undefined control sequence.
l.19       {Extract properties \textt
                                     {regionprops}};
The control sequence at the end of the top line
of your error message was never \def'ed. If you have
misspelled it (e.g., `\hobx'), type `I' and the correct
spelling (e.g., `I\hbox'). Otherwise just continue,
and I'll forget about whatever was undefined.

./flowchart.trg.tex:21: Undefined control sequence.
l.21   \node
            [punktchain, join] (manual_clf)
The control sequence at the end of the top line
of your error message was never \def'ed. If you have
misspelled it (e.g., `\hobx'), type `I' and the correct
spelling (e.g., `I\hbox'). Otherwise just continue,
and I'll forget about whatever was undefined.

./flowchart.trg.tex:22: Extra }, or forgotten $.
l.22       {Muanually classify all regions}}
                                            ;
I've deleted a group-closing symbol because it seems to be
spurious, as in `$x}$'. But perhaps the } is legitimate and
you forgot something else, as in `\hbox{$x}'. In such cases
the way to recover is to insert both the forgotten and the
deleted material, e.g., by typing `I$}'.

./flowchart.trg.tex:23: Undefined control sequence.
l.23   \node
            [punktchain, join] (classifier)
The control sequence at the end of the top line
of your error message was never \def'ed. If you have
misspelled it (e.g., `\hobx'), type `I' and the correct
spelling (e.g., `I\hbox'). Otherwise just continue,
and I'll forget about whatever was undefined.

./flowchart.trg.tex:25: Undefined control sequence.
l.25   \node
            [punktchain, join] (counting)
The control sequence at the end of the top line
of your error message was never \def'ed. If you have
misspelled it (e.g., `\hobx'), type `I' and the correct
spelling (e.g., `I\hbox'). Otherwise just continue,
and I'll forget about whatever was undefined.

./flowchart.trg.tex:27: Undefined control sequence.
l.27   \node
            [punktchain, join] (counting)
The control sequence at the end of the top line
of your error message was never \def'ed. If you have
misspelled it (e.g., `\hobx'), type `I' and the correct
spelling (e.g., `I\hbox'). Otherwise just continue,
and I'll forget about whatever was undefined.

./flowchart.trg.tex:29: Undefined control sequence.
l.29   \node
            [punktchain, join] (next_job)
The control sequence at the end of the top line
of your error message was never \def'ed. If you have
misspelled it (e.g., `\hobx'), type `I' and the correct
spelling (e.g., `I\hbox'). Otherwise just continue,
and I'll forget about whatever was undefined.

./flowchart.trg.tex:31: Missing $ inserted.
<inserted text> 
                $
l.31 
     
I've inserted a begin-math/end-math symbol since I think
you left one out. Proceed, with fingers crossed.

./flowchart.trg.tex:35: Undefined control sequence.
l.35   \draw
            [tuborg, decoration={brace}] let \p1=(normalisation.north), \p2=...
The control sequence at the end of the top line
of your error message was never \def'ed. If you have
misspelled it (e.g., `\hobx'), type `I' and the correct
spelling (e.g., `I\hbox'). Otherwise just continue,
and I'll forget about whatever was undefined.

./flowchart.trg.tex:35: Undefined control sequence.
l.35   \draw[tuborg, decoration={brace}] let \p
                                               1=(normalisation.north), \p2=...
The control sequence at the end of the top line
of your error message was never \def'ed. If you have
misspelled it (e.g., `\hobx'), type `I' and the correct
spelling (e.g., `I\hbox'). Otherwise just continue,
and I'll forget about whatever was undefined.

./flowchart.trg.tex:35: Undefined control sequence.
l.35 ...{brace}] let \p1=(normalisation.north), \p
                                                  2=(normalisation.south) in
The control sequence at the end of the top line
of your error message was never \def'ed. If you have
misspelled it (e.g., `\hobx'), type `I' and the correct
spelling (e.g., `I\hbox'). Otherwise just continue,
and I'll forget about whatever was undefined.

./flowchart.trg.tex:36: Undefined control sequence.
l.36 	($(2, \y
              1)$) -- ($(2, \y2)$) node[tubnode] {Preprocessing};
The control sequence at the end of the top line
of your error message was never \def'ed. If you have
misspelled it (e.g., `\hobx'), type `I' and the correct
spelling (e.g., `I\hbox'). Otherwise just continue,
and I'll forget about whatever was undefined.

./flowchart.trg.tex:36: Undefined control sequence.
l.36 	($(2, \y1)$) -- ($(2, \y
                              2)$) node[tubnode] {Preprocessing};
The control sequence at the end of the top line
of your error message was never \def'ed. If you have
misspelled it (e.g., `\hobx'), type `I' and the correct
spelling (e.g., `I\hbox'). Otherwise just continue,
and I'll forget about whatever was undefined.

./flowchart.trg.tex:38: Undefined control sequence.
l.38 	\draw
           [tuborg, decoration={brace}] let \p1=(bg_subtract.north), \p2=(fe...
The control sequence at the end of the top line
of your error message was never \def'ed. If you have
misspelled it (e.g., `\hobx'), type `I' and the correct
spelling (e.g., `I\hbox'). Otherwise just continue,
and I'll forget about whatever was undefined.

./flowchart.trg.tex:38: Undefined control sequence.
l.38 	\draw[tuborg, decoration={brace}] let \p
                                              1=(bg_subtract.north), \p2=(fe...
The control sequence at the end of the top line
of your error message was never \def'ed. If you have
misspelled it (e.g., `\hobx'), type `I' and the correct
spelling (e.g., `I\hbox'). Otherwise just continue,
and I'll forget about whatever was undefined.

./flowchart.trg.tex:38: Missing $ inserted.
<inserted text> 
                $
l.38 ...w[tuborg, decoration={brace}] let \p1=(bg_
                                                  subtract.north), \p2=(feat...
I've inserted a begin-math/end-math symbol since I think
you left one out. Proceed, with fingers crossed.

./flowchart.trg.tex:38: Undefined control sequence.
l.38 ...n={brace}] let \p1=(bg_subtract.north), \p
                                                  2=(features.south) in
The control sequence at the end of the top line
of your error message was never \def'ed. If you have
misspelled it (e.g., `\hobx'), type `I' and the correct
spelling (e.g., `I\hbox'). Otherwise just continue,
and I'll forget about whatever was undefined.

./flowchart.trg.tex:39: Undefined control sequence.
l.39 	($(2, \y
              1)$) -- ($(2, \y2)$) node[tubnode] {Image Segmentation \\(appl...
The control sequence at the end of the top line
of your error message was never \def'ed. If you have
misspelled it (e.g., `\hobx'), type `I' and the correct
spelling (e.g., `I\hbox'). Otherwise just continue,
and I'll forget about whatever was undefined.

./flowchart.trg.tex:39: Undefined control sequence.
l.39 	($(2, \y1)$) -- ($(2, \y
                              2)$) node[tubnode] {Image Segmentation \\(appl...
The control sequence at the end of the top line
of your error message was never \def'ed. If you have
misspelled it (e.g., `\hobx'), type `I' and the correct
spelling (e.g., `I\hbox'). Otherwise just continue,
and I'll forget about whatever was undefined.

./flowchart.trg.tex:41: Undefined control sequence.
l.41   \draw
            [tuborg, decoration={brace}] let \p1=(manual_clf.north), \p2=(ne...
The control sequence at the end of the top line
of your error message was never \def'ed. If you have
misspelled it (e.g., `\hobx'), type `I' and the correct
spelling (e.g., `I\hbox'). Otherwise just continue,
and I'll forget about whatever was undefined.

./flowchart.trg.tex:41: Undefined control sequence.
l.41   \draw[tuborg, decoration={brace}] let \p
                                               1=(manual_clf.north), \p2=(ne...
The control sequence at the end of the top line
of your error message was never \def'ed. If you have
misspelled it (e.g., `\hobx'), type `I' and the correct
spelling (e.g., `I\hbox'). Otherwise just continue,
and I'll forget about whatever was undefined.

./flowchart.trg.tex:41: Undefined control sequence.
l.41 ...on={brace}] let \p1=(manual_clf.north), \p
                                                  2=(next_job.south) in
The control sequence at the end of the top line
of your error message was never \def'ed. If you have
misspelled it (e.g., `\hobx'), type `I' and the correct
spelling (e.g., `I\hbox'). Otherwise just continue,
and I'll forget about whatever was undefined.

./flowchart.trg.tex:42: Undefined control sequence.
l.42   ($(2, \y
               1)$) -- ($(2, \y2)$) node[tubnode] {Classification};
The control sequence at the end of the top line
of your error message was never \def'ed. If you have
misspelled it (e.g., `\hobx'), type `I' and the correct
spelling (e.g., `I\hbox'). Otherwise just continue,
and I'll forget about whatever was undefined.

./flowchart.trg.tex:42: Undefined control sequence.
l.42   ($(2, \y1)$) -- ($(2, \y
                               2)$) node[tubnode] {Classification};
The control sequence at the end of the top line
of your error message was never \def'ed. If you have
misspelled it (e.g., `\hobx'), type `I' and the correct
spelling (e.g., `I\hbox'). Otherwise just continue,
and I'll forget about whatever was undefined.

./flowchart.trg.tex:43: Missing $ inserted.
<inserted text> 
                $
l.43 
     
I've inserted a begin-math/end-math symbol since I think
you left one out. Proceed, with fingers crossed.

./flowchart.trg.tex:44: Undefined control sequence.
\endtikzpicture ...r@layerlist@globally \endscope 
                                                  \let \pgf@baseline =\pgf@s...
l.44 \end{tikzpicture}
                      
The control sequence at the end of the top line
of your error message was never \def'ed. If you have
misspelled it (e.g., `\hobx'), type `I' and the correct
spelling (e.g., `I\hbox'). Otherwise just continue,
and I'll forget about whatever was undefined.

./flowchart.trg.tex:44: Missing } inserted.
<inserted text> 
                }
l.44 \end{tikzpicture}
                      
I've inserted something that you may have forgotten.
(See the <inserted text> above.)
With luck, this will get me unwedged. But if you
really didn't forget anything, try typing `2' now; then
my insertion and my current dilemma will both disappear.

./flowchart.trg.tex:44: Missing } inserted.
<inserted text> 
                }
l.44 \end{tikzpicture}
                      
I've inserted something that you may have forgotten.
(See the <inserted text> above.)
With luck, this will get me unwedged. But if you
really didn't forget anything, try typing `2' now; then
my insertion and my current dilemma will both disappear.

./flowchart.trg.tex:44: Package tikz Error: Giving up on this path. Did you forget a semicolon?.
\pgfutil@packageerror ...ge {Package #1 Error: #2}
                                                  
l.44 \end{tikzpicture}
                      
(That was another \errmessage.)

./flowchart.trg.tex:44: Extra }, or forgotten \endgroup.
\endpgfpicture ...globally \endgroup \hss \egroup 
                                                  \pgf@restore@layerlist@fro...
l.44 \end{tikzpicture}
                      
I've deleted a group-closing symbol because it seems to be
spurious, as in `$x}$'. But perhaps the } is legitimate and
you forgot something else, as in `\hbox{$x}'. In such cases
the way to recover is to insert both the forgotten and the
deleted material, e.g., by typing `I$}'.


pdfTeX warning (\pdfobj): invalid object number being ignored

pdfTeX warning (\pdfobj): invalid object number being ignored

pdfTeX warning (\pdfobj): invalid object number being ignored

./flowchart.trg.tex:46: LaTeX Error: \begin{tikzpicture} on input line 5 ended by \end{document}.

See the LaTeX manual or LaTeX Companion for explanation.
Type  H <return>  for immediate help.
 ...                                              
                                                  
l.46 \end{document}
                   
Your command was ignored.
Type  I <command> <return>  to replace it with another command,
or  <return>  to continue without it.

./flowchart.trg.tex:46: Missing } inserted.
<inserted text> 
                }
l.46 \end{document}
                   
I've inserted something that you may have forgotten.
(See the <inserted text> above.)
With luck, this will get me unwedged. But if you
really didn't forget anything, try typing `2' now; then
my insertion and my current dilemma will both disappear.


Overfull \hbox (4738.53525pt too wide) detected at line 46
[][][][][] 
 []

(/home/goweiting/Documents/IVR/01a.CW1/report/tex/flowchart.trg.aux) )
(\end occurred inside a group at level 3)

### semi simple group (level 3) entered at line 5 (\begingroup)
### semi simple group (level 2) entered at line 5 (\begingroup)
### semi simple group (level 1) entered at line 5 (\begingroup)
### bottom level 
Here is how much of TeX's memory you used:
 9563 strings out of 494497
 208573 string characters out of 6172399
 223934 words of memory out of 5000000
 12862 multiletter control sequences out of 15000+600000
 3808 words of font info for 15 fonts, out of 8000000 for 9000
 264 hyphenation exceptions out of 8191
 43i,6n,54p,448b,566s stack positions out of 5000i,500n,10000p,200000b,80000s

No pages of output.
PDF statistics:
 7 PDF objects out of 1000 (max. 8388607)
 6 compressed objects within 1 object stream
 0 named destinations out of 1000 (max. 500000)
 25 words of extra memory for PDF output out of 10000 (max. 10000000)

